# JRE version: OpenJDK Runtime Environment (8.0_191-b12) (build 1.8.0_191-8u191-b12-2ubuntu0.18.04.1-b12)
# Java VM: OpenJDK 64-Bit Server VM (25.191-b12 mixed mode linux-amd64 compressed oops)
Heap:
 PSYoungGen      total 786432K, used 115644K [0x000000076ab00000, 0x00000007a2700000, 0x00000007c0000000)
  eden space 770560K, 12% used [0x000000076ab00000,0x0000000770c75588,0x0000000799b80000)
  from space 15872K, 99% used [0x000000079d100000,0x000000079e079e20,0x000000079e080000)
  to   space 54784K, 0% used [0x0000000799b80000,0x0000000799b80000,0x000000079d100000)
 ParOldGen       total 171520K, used 119970K [0x00000006c0000000, 0x00000006ca780000, 0x000000076ab00000)
  object space 171520K, 69% used [0x00000006c0000000,0x00000006c7528ba0,0x00000006ca780000)
 Metaspace       used 48071K, capacity 48468K, committed 49152K, reserved 1091584K
  class space    used 6691K, capacity 6817K, committed 6912K, reserved 1048576K
GC Heap History (10 events):
Event: 2,612 GC heap before
{Heap before GC invocations=10 (full 1):
 PSYoungGen      total 527360K, used 513024K [0x000000076ab00000, 0x000000078bd00000, 0x00000007c0000000)
  eden space 513024K, 100% used [0x000000076ab00000,0x000000078a000000,0x000000078a000000)
  from space 14336K, 0% used [0x000000078af00000,0x000000078af00000,0x000000078bd00000)
  to   space 14848K, 0% used [0x000000078a000000,0x000000078a000000,0x000000078ae80000)
 ParOldGen       total 112640K, used 14102K [0x00000006c0000000, 0x00000006c6e00000, 0x000000076ab00000)
  object space 112640K, 12% used [0x00000006c0000000,0x00000006c0dc5b28,0x00000006c6e00000)
 Metaspace       used 27222K, capacity 27428K, committed 27776K, reserved 1073152K
  class space    used 4051K, capacity 4138K, committed 4224K, reserved 1048576K
Event: 2,619 GC heap after
Heap after GC invocations=10 (full 1):
 PSYoungGen      total 527872K, used 9714K [0x000000076ab00000, 0x0000000794e80000, 0x00000007c0000000)
  eden space 513024K, 0% used [0x000000076ab00000,0x000000076ab00000,0x000000078a000000)
  from space 14848K, 65% used [0x000000078a000000,0x000000078a97ca68,0x000000078ae80000)
  to   space 14848K, 0% used [0x0000000794000000,0x0000000794000000,0x0000000794e80000)
 ParOldGen       total 112640K, used 14110K [0x00000006c0000000, 0x00000006c6e00000, 0x000000076ab00000)
  object space 112640K, 12% used [0x00000006c0000000,0x00000006c0dc7b28,0x00000006c6e00000)
 Metaspace       used 27222K, capacity 27428K, committed 27776K, reserved 1073152K
  class space    used 4051K, capacity 4138K, committed 4224K, reserved 1048576K
}
Event: 4,290 GC heap before
{Heap before GC invocations=11 (full 1):
 PSYoungGen      total 527872K, used 522738K [0x000000076ab00000, 0x0000000794e80000, 0x00000007c0000000)
  eden space 513024K, 100% used [0x000000076ab00000,0x000000078a000000,0x000000078a000000)
  from space 14848K, 65% used [0x000000078a000000,0x000000078a97ca68,0x000000078ae80000)
  to   space 14848K, 0% used [0x0000000794000000,0x0000000794000000,0x0000000794e80000)
 ParOldGen       total 112640K, used 14110K [0x00000006c0000000, 0x00000006c6e00000, 0x000000076ab00000)
  object space 112640K, 12% used [0x00000006c0000000,0x00000006c0dc7b28,0x00000006c6e00000)
 Metaspace       used 31841K, capacity 32150K, committed 32512K, reserved 1077248K
  class space    used 4693K, capacity 4766K, committed 4864K, reserved 1048576K
Event: 4,299 GC heap after
Heap after GC invocations=11 (full 1):
 PSYoungGen      total 657408K, used 12518K [0x000000076ab00000, 0x0000000794c80000, 0x00000007c0000000)
  eden space 644608K, 0% used [0x000000076ab00000,0x000000076ab00000,0x0000000792080000)
  from space 12800K, 97% used [0x0000000794000000,0x0000000794c39b68,0x0000000794c80000)
  to   space 15872K, 0% used [0x0000000792d80000,0x0000000792d80000,0x0000000793d00000)
 ParOldGen       total 112640K, used 14118K [0x00000006c0000000, 0x00000006c6e00000, 0x000000076ab00000)
  object space 112640K, 12% used [0x00000006c0000000,0x00000006c0dc9b28,0x00000006c6e00000)
 Metaspace       used 31841K, capacity 32150K, committed 32512K, reserved 1077248K
  class space    used 4693K, capacity 4766K, committed 4864K, reserved 1048576K
}
Event: 4,552 GC heap before
{Heap before GC invocations=12 (full 1):
 PSYoungGen      total 657408K, used 119466K [0x000000076ab00000, 0x0000000794c80000, 0x00000007c0000000)
  eden space 644608K, 16% used [0x000000076ab00000,0x0000000771371020,0x0000000792080000)
  from space 12800K, 97% used [0x0000000794000000,0x0000000794c39b68,0x0000000794c80000)
  to   space 15872K, 0% used [0x0000000792d80000,0x0000000792d80000,0x0000000793d00000)
 ParOldGen       total 112640K, used 14118K [0x00000006c0000000, 0x00000006c6e00000, 0x000000076ab00000)
  object space 112640K, 12% used [0x00000006c0000000,0x00000006c0dc9b28,0x00000006c6e00000)
 Metaspace       used 34864K, capacity 35196K, committed 35416K, reserved 1079296K
  class space    used 5223K, capacity 5328K, committed 5376K, reserved 1048576K
Event: 4,559 GC heap after
Heap after GC invocations=12 (full 1):
 PSYoungGen      total 673792K, used 11046K [0x000000076ab00000, 0x000000079e080000, 0x00000007c0000000)
  eden space 657920K, 0% used [0x000000076ab00000,0x000000076ab00000,0x0000000792d80000)
  from space 15872K, 69% used [0x0000000792d80000,0x00000007938498f0,0x0000000793d00000)
  to   space 15872K, 0% used [0x000000079d100000,0x000000079d100000,0x000000079e080000)
 ParOldGen       total 112640K, used 14126K [0x00000006c0000000, 0x00000006c6e00000, 0x000000076ab00000)
  object space 112640K, 12% used [0x00000006c0000000,0x00000006c0dcbb28,0x00000006c6e00000)
 Metaspace       used 34864K, capacity 35196K, committed 35416K, reserved 1079296K
  class space    used 5223K, capacity 5328K, committed 5376K, reserved 1048576K
}
Event: 4,559 GC heap before
{Heap before GC invocations=13 (full 2):
 PSYoungGen      total 673792K, used 11046K [0x000000076ab00000, 0x000000079e080000, 0x00000007c0000000)
  eden space 657920K, 0% used [0x000000076ab00000,0x000000076ab00000,0x0000000792d80000)
  from space 15872K, 69% used [0x0000000792d80000,0x00000007938498f0,0x0000000793d00000)
  to   space 15872K, 0% used [0x000000079d100000,0x000000079d100000,0x000000079e080000)
 ParOldGen       total 112640K, used 14126K [0x00000006c0000000, 0x00000006c6e00000, 0x000000076ab00000)
  object space 112640K, 12% used [0x00000006c0000000,0x00000006c0dcbb28,0x00000006c6e00000)
 Metaspace       used 34864K, capacity 35196K, committed 35416K, reserved 1079296K
  class space    used 5223K, capacity 5328K, committed 5376K, reserved 1048576K
Event: 4,631 GC heap after
Heap after GC invocations=13 (full 2):
 PSYoungGen      total 673792K, used 0K [0x000000076ab00000, 0x000000079e080000, 0x00000007c0000000)
  eden space 657920K, 0% used [0x000000076ab00000,0x000000076ab00000,0x0000000792d80000)
  from space 15872K, 0% used [0x0000000792d80000,0x0000000792d80000,0x0000000793d00000)
  to   space 15872K, 0% used [0x000000079d100000,0x000000079d100000,0x000000079e080000)
 ParOldGen       total 171520K, used 19262K [0x00000006c0000000, 0x00000006ca780000, 0x000000076ab00000)
  object space 171520K, 11% used [0x00000006c0000000,0x00000006c12cfab8,0x00000006ca780000)
 Metaspace       used 34864K, capacity 35196K, committed 35416K, reserved 1079296K
  class space    used 5223K, capacity 5328K, committed 5376K, reserved 1048576K
}
Event: 571,338 GC heap before
{Heap before GC invocations=14 (full 2):
 PSYoungGen      total 673792K, used 657920K [0x000000076ab00000, 0x000000079e080000, 0x00000007c0000000)
  eden space 657920K, 100% used [0x000000076ab00000,0x0000000792d80000,0x0000000792d80000)
  from space 15872K, 0% used [0x0000000792d80000,0x0000000792d80000,0x0000000793d00000)
  to   space 15872K, 0% used [0x000000079d100000,0x000000079d100000,0x000000079e080000)
 ParOldGen       total 171520K, used 19262K [0x00000006c0000000, 0x00000006ca780000, 0x000000076ab00000)
  object space 171520K, 11% used [0x00000006c0000000,0x00000006c12cfab8,0x00000006ca780000)
 Metaspace       used 47987K, capacity 48398K, committed 48896K, reserved 1091584K
  class space    used 6689K, capacity 6816K, committed 6912K, reserved 1048576K
Event: 571,369 GC heap after
Heap after GC invocations=14 (full 2):
 PSYoungGen      total 786432K, used 15847K [0x000000076ab00000, 0x00000007a2700000, 0x00000007c0000000)
  eden space 770560K, 0% used [0x000000076ab00000,0x000000076ab00000,0x0000000799b80000)
  from space 15872K, 99% used [0x000000079d100000,0x000000079e079e20,0x000000079e080000)
  to   space 54784K, 0% used [0x0000000799b80000,0x0000000799b80000,0x000000079d100000)
 ParOldGen       total 171520K, used 119970K [0x00000006c0000000, 0x00000006ca780000, 0x000000076ab00000)
  object space 171520K, 69% used [0x00000006c0000000,0x00000006c7528ba0,0x00000006ca780000)
 Metaspace       used 47987K, capacity 48398K, committed 48896K, reserved 1091584K
  class space    used 6689K, capacity 6816K, committed 6912K, reserved 1048576K
}

