# JRE version: OpenJDK Runtime Environment (8.0_191-b12) (build 1.8.0_191-8u191-b12-0ubuntu0.18.04.1-b12)
# Java VM: OpenJDK 64-Bit Server VM (25.191-b12 mixed mode linux-amd64 compressed oops)
Heap:
 PSYoungGen      total 1039360K, used 818981K [0x000000076ab00000, 0x00000007b3580000, 0x00000007c0000000)
  eden space 1025536K, 78% used [0x000000076ab00000,0x000000079bd4a220,0x00000007a9480000)
  from space 13824K, 99% used [0x00000007aab80000,0x00000007ab8ff470,0x00000007ab900000)
  to   space 23552K, 0% used [0x00000007a9480000,0x00000007a9480000,0x00000007aab80000)
 ParOldGen       total 127488K, used 45285K [0x00000006c0000000, 0x00000006c7c80000, 0x000000076ab00000)
  object space 127488K, 35% used [0x00000006c0000000,0x00000006c2c395a8,0x00000006c7c80000)
 Metaspace       used 50761K, capacity 51210K, committed 52136K, reserved 1093632K
  class space    used 6955K, capacity 7082K, committed 7088K, reserved 1048576K
GC Heap History (10 events):
Event: 2,158 GC heap before
{Heap before GC invocations=10 (full 1):
 PSYoungGen      total 526848K, used 8594K [0x000000076ab00000, 0x000000079e700000, 0x00000007c0000000)
  eden space 513024K, 0% used [0x000000076ab00000,0x000000076ab00000,0x000000078a000000)
  from space 13824K, 62% used [0x000000078a000000,0x000000078a864ac0,0x000000078ad80000)
  to   space 13312K, 0% used [0x000000079da00000,0x000000079da00000,0x000000079e700000)
 ParOldGen       total 172032K, used 11121K [0x00000006c0000000, 0x00000006ca800000, 0x000000076ab00000)
  object space 172032K, 6% used [0x00000006c0000000,0x00000006c0adc5f0,0x00000006ca800000)
 Metaspace       used 20856K, capacity 20980K, committed 21296K, reserved 1067008K
  class space    used 3009K, capacity 3080K, committed 3120K, reserved 1048576K
Event: 2,229 GC heap after
Heap after GC invocations=10 (full 1):
 PSYoungGen      total 526848K, used 0K [0x000000076ab00000, 0x000000079e700000, 0x00000007c0000000)
  eden space 513024K, 0% used [0x000000076ab00000,0x000000076ab00000,0x000000078a000000)
  from space 13824K, 0% used [0x000000078a000000,0x000000078a000000,0x000000078ad80000)
  to   space 13312K, 0% used [0x000000079da00000,0x000000079da00000,0x000000079e700000)
 ParOldGen       total 97280K, used 14382K [0x00000006c0000000, 0x00000006c5f00000, 0x000000076ab00000)
  object space 97280K, 14% used [0x00000006c0000000,0x00000006c0e0ba50,0x00000006c5f00000)
 Metaspace       used 20823K, capacity 20926K, committed 21296K, reserved 1067008K
  class space    used 3004K, capacity 3071K, committed 3120K, reserved 1048576K
}
Event: 2,855 GC heap before
{Heap before GC invocations=11 (full 1):
 PSYoungGen      total 526848K, used 513024K [0x000000076ab00000, 0x000000079e700000, 0x00000007c0000000)
  eden space 513024K, 100% used [0x000000076ab00000,0x000000078a000000,0x000000078a000000)
  from space 13824K, 0% used [0x000000078a000000,0x000000078a000000,0x000000078ad80000)
  to   space 13312K, 0% used [0x000000079da00000,0x000000079da00000,0x000000079e700000)
 ParOldGen       total 97280K, used 14382K [0x00000006c0000000, 0x00000006c5f00000, 0x000000076ab00000)
  object space 97280K, 14% used [0x00000006c0000000,0x00000006c0e0ba50,0x00000006c5f00000)
 Metaspace       used 27092K, capacity 27300K, committed 27952K, reserved 1073152K
  class space    used 4066K, capacity 4138K, committed 4144K, reserved 1048576K
Event: 2,866 GC heap after
Heap after GC invocations=11 (full 1):
 PSYoungGen      total 747520K, used 9469K [0x000000076ab00000, 0x000000079e380000, 0x00000007c0000000)
  eden space 737792K, 0% used [0x000000076ab00000,0x000000076ab00000,0x0000000797b80000)
  from space 9728K, 97% used [0x000000079da00000,0x000000079e33f5e8,0x000000079e380000)
  to   space 13312K, 0% used [0x000000079c980000,0x000000079c980000,0x000000079d680000)
 ParOldGen       total 97280K, used 14390K [0x00000006c0000000, 0x00000006c5f00000, 0x000000076ab00000)
  object space 97280K, 14% used [0x00000006c0000000,0x00000006c0e0da50,0x00000006c5f00000)
 Metaspace       used 27092K, capacity 27300K, committed 27952K, reserved 1073152K
  class space    used 4066K, capacity 4138K, committed 4144K, reserved 1048576K
}
Event: 5,250 GC heap before
{Heap before GC invocations=12 (full 1):
 PSYoungGen      total 747520K, used 691057K [0x000000076ab00000, 0x000000079e380000, 0x00000007c0000000)
  eden space 737792K, 92% used [0x000000076ab00000,0x000000079449ce50,0x0000000797b80000)
  from space 9728K, 97% used [0x000000079da00000,0x000000079e33f5e8,0x000000079e380000)
  to   space 13312K, 0% used [0x000000079c980000,0x000000079c980000,0x000000079d680000)
 ParOldGen       total 97280K, used 14390K [0x00000006c0000000, 0x00000006c5f00000, 0x000000076ab00000)
  object space 97280K, 14% used [0x00000006c0000000,0x00000006c0e0da50,0x00000006c5f00000)
 Metaspace       used 34589K, capacity 34908K, committed 35496K, reserved 1079296K
  class space    used 5139K, capacity 5232K, committed 5296K, reserved 1048576K
Event: 5,257 GC heap after
Heap after GC invocations=12 (full 1):
 PSYoungGen      total 830976K, used 10284K [0x000000076ab00000, 0x00000007ab900000, 0x00000007c0000000)
  eden space 817664K, 0% used [0x000000076ab00000,0x000000076ab00000,0x000000079c980000)
  from space 13312K, 77% used [0x000000079c980000,0x000000079d38b1a8,0x000000079d680000)
  to   space 13824K, 0% used [0x00000007aab80000,0x00000007aab80000,0x00000007ab900000)
 ParOldGen       total 97280K, used 17764K [0x00000006c0000000, 0x00000006c5f00000, 0x000000076ab00000)
  object space 97280K, 18% used [0x00000006c0000000,0x00000006c11591a0,0x00000006c5f00000)
 Metaspace       used 34589K, capacity 34908K, committed 35496K, reserved 1079296K
  class space    used 5139K, capacity 5232K, committed 5296K, reserved 1048576K
}
Event: 5,257 GC heap before
{Heap before GC invocations=13 (full 2):
 PSYoungGen      total 830976K, used 10284K [0x000000076ab00000, 0x00000007ab900000, 0x00000007c0000000)
  eden space 817664K, 0% used [0x000000076ab00000,0x000000076ab00000,0x000000079c980000)
  from space 13312K, 77% used [0x000000079c980000,0x000000079d38b1a8,0x000000079d680000)
  to   space 13824K, 0% used [0x00000007aab80000,0x00000007aab80000,0x00000007ab900000)
 ParOldGen       total 97280K, used 17764K [0x00000006c0000000, 0x00000006c5f00000, 0x000000076ab00000)
  object space 97280K, 18% used [0x00000006c0000000,0x00000006c11591a0,0x00000006c5f00000)
 Metaspace       used 34589K, capacity 34908K, committed 35496K, reserved 1079296K
  class space    used 5139K, capacity 5232K, committed 5296K, reserved 1048576K
Event: 5,312 GC heap after
Heap after GC invocations=13 (full 2):
 PSYoungGen      total 830976K, used 0K [0x000000076ab00000, 0x00000007ab900000, 0x00000007c0000000)
  eden space 817664K, 0% used [0x000000076ab00000,0x000000076ab00000,0x000000079c980000)
  from space 13312K, 0% used [0x000000079c980000,0x000000079c980000,0x000000079d680000)
  to   space 13824K, 0% used [0x00000007aab80000,0x00000007aab80000,0x00000007ab900000)
 ParOldGen       total 127488K, used 22228K [0x00000006c0000000, 0x00000006c7c80000, 0x000000076ab00000)
  object space 127488K, 17% used [0x00000006c0000000,0x00000006c15b5178,0x00000006c7c80000)
 Metaspace       used 34589K, capacity 34908K, committed 35496K, reserved 1079296K
  class space    used 5139K, capacity 5232K, committed 5296K, reserved 1048576K
}
Event: 813,171 GC heap before
{Heap before GC invocations=14 (full 2):
 PSYoungGen      total 830976K, used 817664K [0x000000076ab00000, 0x00000007ab900000, 0x00000007c0000000)
  eden space 817664K, 100% used [0x000000076ab00000,0x000000079c980000,0x000000079c980000)
  from space 13312K, 0% used [0x000000079c980000,0x000000079c980000,0x000000079d680000)
  to   space 13824K, 0% used [0x00000007aab80000,0x00000007aab80000,0x00000007ab900000)
 ParOldGen       total 127488K, used 22228K [0x00000006c0000000, 0x00000006c7c80000, 0x000000076ab00000)
  object space 127488K, 17% used [0x00000006c0000000,0x00000006c15b5178,0x00000006c7c80000)
 Metaspace       used 49979K, capacity 50424K, committed 51368K, reserved 1093632K
  class space    used 6950K, capacity 7079K, committed 7088K, reserved 1048576K
Event: 813,184 GC heap after
Heap after GC invocations=14 (full 2):
 PSYoungGen      total 1039360K, used 13821K [0x000000076ab00000, 0x00000007b3580000, 0x00000007c0000000)
  eden space 1025536K, 0% used [0x000000076ab00000,0x000000076ab00000,0x00000007a9480000)
  from space 13824K, 99% used [0x00000007aab80000,0x00000007ab8ff470,0x00000007ab900000)
  to   space 23552K, 0% used [0x00000007a9480000,0x00000007a9480000,0x00000007aab80000)
 ParOldGen       total 127488K, used 45285K [0x00000006c0000000, 0x00000006c7c80000, 0x000000076ab00000)
  object space 127488K, 35% used [0x00000006c0000000,0x00000006c2c395a8,0x00000006c7c80000)
 Metaspace       used 49979K, capacity 50424K, committed 51368K, reserved 1093632K
  class space    used 6950K, capacity 7079K, committed 7088K, reserved 1048576K
}

